<?xml version="1.0" encoding="UTF-8"?>
<testng-results ignored="0" total="1" passed="1" failed="0" skipped="0">
  <reporter-output>
    <line>
      <![CDATA[Application Type 'Single' is selected]]>
    </line>
    <line>
      <![CDATA[Home to live in' is selected]]>
    </line>
    <line>
      <![CDATA[$482,000]]>
    </line>
    <line>
      <![CDATA[Based on the details you've entered, we're unable to give you an estimate of your borrowing power with this calculator. For questions, call us on 1800 035 500.]]>
    </line>
  </reporter-output>
  <suite started-at="2022-01-14T14:24:20 IST" name="Suite" finished-at="2022-01-14T14:24:49 IST" duration-ms="28123">
    <groups>
    </groups>
    <test started-at="2022-01-14T14:24:20 IST" name="Test" finished-at="2022-01-14T14:24:49 IST" duration-ms="28123">
      <class name="scripts.Execute_PersonalHomeLoans">
        <test-method is-config="true" signature="Lauch_Browser()[pri:0, instance:scripts.Execute_PersonalHomeLoans@49dc7102]" started-at="2022-01-14T14:24:21 IST" name="Lauch_Browser" finished-at="2022-01-14T14:24:38 IST" duration-ms="17386" status="PASS">
          <reporter-output>
          </reporter-output>
        </test-method> <!-- Lauch_Browser -->
        <test-method signature="test_Execute_PersonalHomeLoans()[pri:0, instance:scripts.Execute_PersonalHomeLoans@49dc7102]" started-at="2022-01-14T14:24:38 IST" name="test_Execute_PersonalHomeLoans" finished-at="2022-01-14T14:24:47 IST" duration-ms="9388" status="PASS">
          <reporter-output>
            <line>
              <![CDATA[Application Type 'Single' is selected]]>
            </line>
            <line>
              <![CDATA[Home to live in' is selected]]>
            </line>
            <line>
              <![CDATA[$482,000]]>
            </line>
            <line>
              <![CDATA[Based on the details you've entered, we're unable to give you an estimate of your borrowing power with this calculator. For questions, call us on 1800 035 500.]]>
            </line>
          </reporter-output>
        </test-method> <!-- test_Execute_PersonalHomeLoans -->
        <test-method is-config="true" signature="close_Browser()[pri:0, instance:scripts.Execute_PersonalHomeLoans@49dc7102]" started-at="2022-01-14T14:24:47 IST" name="close_Browser" finished-at="2022-01-14T14:24:49 IST" duration-ms="1255" status="PASS">
          <reporter-output>
          </reporter-output>
        </test-method> <!-- close_Browser -->
      </class> <!-- scripts.Execute_PersonalHomeLoans -->
    </test> <!-- Test -->
  </suite> <!-- Suite -->
</testng-results>
