<?xml version="1.0" encoding="UTF-8"?>
<testng-results ignored="0" total="1" passed="1" failed="0" skipped="0">
  <reporter-output>
    <line>
      <![CDATA[Application Type 'Single' is selected]]>
    </line>
    <line>
      <![CDATA[Home to live in' is selected]]>
    </line>
    <line>
      <![CDATA[$482,000]]>
    </line>
    <line>
      <![CDATA[Based on the details you've entered, we're unable to give you an estimate of your borrowing power with this calculator. For questions, call us on 1800 035 500.]]>
    </line>
  </reporter-output>
  <suite started-at="2022-01-14T14:55:36 IST" name="Suite" finished-at="2022-01-14T14:56:23 IST" duration-ms="47731">
    <groups>
    </groups>
    <test started-at="2022-01-14T14:55:36 IST" name="Test" finished-at="2022-01-14T14:56:23 IST" duration-ms="47731">
      <class name="scripts.Execute_PersonalHomeLoans">
        <test-method is-config="true" signature="Lauch_Browser()[pri:0, instance:scripts.Execute_PersonalHomeLoans@49dc7102]" started-at="2022-01-14T14:55:36 IST" name="Lauch_Browser" finished-at="2022-01-14T14:56:02 IST" duration-ms="25974" status="PASS">
          <reporter-output>
          </reporter-output>
        </test-method> <!-- Lauch_Browser -->
        <test-method signature="test_Execute_PersonalHomeLoans()[pri:0, instance:scripts.Execute_PersonalHomeLoans@49dc7102]" started-at="2022-01-14T14:56:02 IST" name="test_Execute_PersonalHomeLoans" finished-at="2022-01-14T14:56:22 IST" duration-ms="20775" status="PASS">
          <reporter-output>
            <line>
              <![CDATA[Application Type 'Single' is selected]]>
            </line>
            <line>
              <![CDATA[Home to live in' is selected]]>
            </line>
            <line>
              <![CDATA[$482,000]]>
            </line>
            <line>
              <![CDATA[Based on the details you've entered, we're unable to give you an estimate of your borrowing power with this calculator. For questions, call us on 1800 035 500.]]>
            </line>
          </reporter-output>
        </test-method> <!-- test_Execute_PersonalHomeLoans -->
        <test-method is-config="true" signature="close_Browser()[pri:0, instance:scripts.Execute_PersonalHomeLoans@49dc7102]" started-at="2022-01-14T14:56:22 IST" name="close_Browser" finished-at="2022-01-14T14:56:23 IST" duration-ms="920" status="PASS">
          <reporter-output>
          </reporter-output>
        </test-method> <!-- close_Browser -->
      </class> <!-- scripts.Execute_PersonalHomeLoans -->
    </test> <!-- Test -->
  </suite> <!-- Suite -->
</testng-results>
